#
# There is insufficient memory for the Java Runtime Environment to continue.
# Native memory allocation (malloc) failed to allocate 2239376 bytes for Chunk::new
# Possible reasons:
#   The system is out of physical RAM or swap space
#   The process is running with CompressedOops enabled, and the Java Heap may be blocking the growth of the native heap
# Possible solutions:
#   Reduce memory load on the system
#   Increase physical memory or swap space
#   Check if swap backing store is full
#   Decrease Java heap size (-Xmx/-Xms)
#   Decrease number of Java threads
#   Decrease Java thread stack sizes (-Xss)
#   Set larger code cache with -XX:ReservedCodeCacheSize=
#   JVM is running with Unscaled Compressed Oops mode in which the Java heap is
#     placed in the first 4GB address space. The Java Heap base address is the
#     maximum limit for the native heap growth. Please use -XX:HeapBaseMinAddress
#     to set the Java Heap base and to place the Java Heap above 4GB virtual address.
# This output file may be truncated or incomplete.
#
#  Out of Memory Error (t:/workspace/open/src/hotspot/share/memory/arena.cpp:198), pid=27368, tid=10944
#
# JRE version: Java(TM) SE Runtime Environment (10.0.2+13) (build 10.0.2+13)
# Java VM: Java HotSpot(TM) 64-Bit Server VM (10.0.2+13, mixed mode, tiered, compressed oops, g1 gc, windows-amd64)
# No core dump will be written. Minidumps are not enabled by default on client versions of Windows
#

---------------  S U M M A R Y ------------

Command Line: -Dfile.encoding=MS949 com.tetris.main.TetrisMain

Host: Intel(R) Core(TM) i5-8250U CPU @ 1.60GHz, 8 cores, 3G,  Windows 10 , 64 bit Build 17134 (10.0.17134.753)
Time: Sun May 26 17:34:14 2019 ¢¥eCN©öI¡¾©ö C¡ÍA¨ª¨öA elapsed time: 37 seconds (0d 0h 0m 37s)

---------------  T H R E A D  ---------------

Current thread (0x000002d560f1f800):  JavaThread "C2 CompilerThread2" daemon [_thread_in_native, id=10944, stack(0x000000e1a1e00000,0x000000e1a1f00000)]


Current CompileTask:
C2:  37385 2422 %     4       javazoom.jl.decoder.LayerIIIDecoder::decode @ 397 (583 bytes)

Stack: [0x000000e1a1e00000,0x000000e1a1f00000]
Native frames: (J=compiled Java code, j=interpreted, Vv=VM code, C=native code)
V  [jvm.dll+0x5a01a9]
V  [jvm.dll+0x6bcf31]
V  [jvm.dll+0x6be126]
V  [jvm.dll+0x6be7b3]
V  [jvm.dll+0x234978]
V  [jvm.dll+0xbb69c]
V  [jvm.dll+0xbbbac]
V  [jvm.dll+0x2a68e4]
V  [jvm.dll+0x4bf92a]
V  [jvm.dll+0x201949]
V  [jvm.dll+0x1ff0a1]
V  [jvm.dll+0x17c94b]
V  [jvm.dll+0x20c8dd]
V  [jvm.dll+0x20b6a6]
V  [jvm.dll+0x68b7ff]
V  [jvm.dll+0x59f4b0]
C  [msvcr120.dll+0x24f7f]
C  [msvcr120.dll+0x25126]
C  [KERNEL32.DLL+0x14034]
C  [ntdll.dll+0x73691]


---------------  P R O C E S S  ---------------

Threads class SMR info:
_java_thread_list=0x000002d5619d7480, length=24, elements={
0x000002d560eb3000, 0x000002d560ec0000, 0x000002d560ec1000, 0x000002d560f1b800,
0x000002d560f1e000, 0x000002d560f1f000, 0x000002d560f1f800, 0x000002d560f25800,
0x000002d560f3a800, 0x000002d5619be000, 0x000002d5619c3800, 0x000002d561e9a800,
0x000002d561cb6800, 0x000002d561cb7800, 0x000002d56213c800, 0x000002d5454fe800,
0x000002d561b91000, 0x000002d56222e000, 0x000002d563db0000, 0x000002d561e8c000,
0x000002d561e89800, 0x000002d561e8d800, 0x000002d561e8e000, 0x000002d561e8f000
}

Java Threads: ( => current thread )
  0x000002d560eb3000 JavaThread "Reference Handler" daemon [_thread_blocked, id=14468, stack(0x000000e1a1800000,0x000000e1a1900000)]
  0x000002d560ec0000 JavaThread "Finalizer" daemon [_thread_blocked, id=25580, stack(0x000000e1a1900000,0x000000e1a1a00000)]
  0x000002d560ec1000 JavaThread "Signal Dispatcher" daemon [_thread_blocked, id=24852, stack(0x000000e1a1a00000,0x000000e1a1b00000)]
  0x000002d560f1b800 JavaThread "Attach Listener" daemon [_thread_blocked, id=21696, stack(0x000000e1a1b00000,0x000000e1a1c00000)]
  0x000002d560f1e000 JavaThread "C2 CompilerThread0" daemon [_thread_in_native, id=27260, stack(0x000000e1a1c00000,0x000000e1a1d00000)]
  0x000002d560f1f000 JavaThread "C2 CompilerThread1" daemon [_thread_in_native, id=5784, stack(0x000000e1a1d00000,0x000000e1a1e00000)]
=>0x000002d560f1f800 JavaThread "C2 CompilerThread2" daemon [_thread_in_native, id=10944, stack(0x000000e1a1e00000,0x000000e1a1f00000)]
  0x000002d560f25800 JavaThread "C1 CompilerThread3" daemon [_thread_blocked, id=1660, stack(0x000000e1a1f00000,0x000000e1a2000000)]
  0x000002d560f3a800 JavaThread "Sweeper thread" daemon [_thread_blocked, id=21360, stack(0x000000e1a2000000,0x000000e1a2100000)]
  0x000002d5619be000 JavaThread "Service Thread" daemon [_thread_blocked, id=9364, stack(0x000000e1a2100000,0x000000e1a2200000)]
  0x000002d5619c3800 JavaThread "Common-Cleaner" daemon [_thread_blocked, id=23604, stack(0x000000e1a2200000,0x000000e1a2300000)]
  0x000002d561e9a800 JavaThread "Java2D Disposer" daemon [_thread_blocked, id=15932, stack(0x000000e1a2400000,0x000000e1a2500000)]
  0x000002d561cb6800 JavaThread "AWT-Shutdown" [_thread_blocked, id=16820, stack(0x000000e1a2500000,0x000000e1a2600000)]
  0x000002d561cb7800 JavaThread "AWT-Windows" daemon [_thread_in_native, id=27036, stack(0x000000e1a2600000,0x000000e1a2700000)]
  0x000002d56213c800 JavaThread "AWT-EventQueue-0" [_thread_in_native, id=3364, stack(0x000000e1a2800000,0x000000e1a2900000)]
  0x000002d5454fe800 JavaThread "DestroyJavaVM" [_thread_blocked, id=26960, stack(0x000000e1a0200000,0x000000e1a0300000)]
  0x000002d561b91000 JavaThread "TimerQueue" daemon [_thread_blocked, id=19504, stack(0x000000e1a2b00000,0x000000e1a2c00000)]
  0x000002d56222e000 JavaThread "Thread-0" [_thread_in_native, id=21968, stack(0x000000e1a2c00000,0x000000e1a2d00000)]
  0x000002d563db0000 JavaThread "Thread-2" [_thread_in_native, id=19364, stack(0x000000e1a2d00000,0x000000e1a2e00000)]
  0x000002d561e8c000 JavaThread "Thread-1" [_thread_in_native, id=4748, stack(0x000000e1a2e00000,0x000000e1a2f00000)]
  0x000002d561e89800 JavaThread "Java Sound Event Dispatcher" daemon [_thread_blocked, id=9996, stack(0x000000e1a3100000,0x000000e1a3200000)]
  0x000002d561e8d800 JavaThread "Thread-4" [_thread_blocked, id=15104, stack(0x000000e1a3300000,0x000000e1a3400000)]
  0x000002d561e8e000 JavaThread "Thread-5" [_thread_blocked, id=24500, stack(0x000000e1a3700000,0x000000e1a3800000)]
  0x000002d561e8f000 JavaThread "Thread-6" [_thread_blocked, id=15700, stack(0x000000e1a3800000,0x000000e1a3900000)]

Other Threads:
  0x000002d560ead800 VMThread "VM Thread" [stack: 0x000000e1a1700000,0x000000e1a1800000] [id=23592]
  0x000002d5619ce800 WatcherThread [stack: 0x000000e1a2300000,0x000000e1a2400000] [id=18904]
  0x000002d545518000 GCTaskThread "GC Thread#0" [stack: 0x000000e1a0300000,0x000000e1a0400000] [id=26332]
  0x000002d545519800 GCTaskThread "GC Thread#1" [stack: 0x000000e1a0400000,0x000000e1a0500000] [id=4436]
  0x000002d545522000 GCTaskThread "GC Thread#2" [stack: 0x000000e1a0500000,0x000000e1a0600000] [id=5752]
  0x000002d545523000 GCTaskThread "GC Thread#3" [stack: 0x000000e1a0600000,0x000000e1a0700000] [id=5744]
  0x000002d545525800 GCTaskThread "GC Thread#4" [stack: 0x000000e1a0700000,0x000000e1a0800000] [id=24632]
  0x000002d545529800 GCTaskThread "GC Thread#5" [stack: 0x000000e1a0800000,0x000000e1a0900000] [id=20796]
  0x000002d54552f000 GCTaskThread "GC Thread#6" [stack: 0x000000e1a0900000,0x000000e1a0a00000] [id=10940]
  0x000002d545531000 GCTaskThread "GC Thread#7" [stack: 0x000000e1a0a00000,0x000000e1a0b00000] [id=24728]
  0x000002d545569000 ConcurrentGCThread "G1 Main Marker" [stack: 0x000000e1a0b00000,0x000000e1a0c00000] [id=7252]
  0x000002d54556e000 ConcurrentGCThread "G1 Conc#0" [stack: 0x000000e1a0c00000,0x000000e1a0d00000] [id=13604]
  0x000002d545574000 ConcurrentGCThread "G1 Conc#1" [stack: 0x000000e1a0d00000,0x000000e1a0e00000] [id=21140]
  0x000002d5455be000 ConcurrentGCThread "G1 Refine#0" [stack: 0x000000e1a0e00000,0x000000e1a0f00000] [id=2372]
  0x000002d5455bf000 ConcurrentGCThread "G1 Refine#1" [stack: 0x000000e1a0f00000,0x000000e1a1000000] [id=10308]
  0x000002d5455c8800 ConcurrentGCThread "G1 Refine#2" [stack: 0x000000e1a1000000,0x000000e1a1100000] [id=20312]
  0x000002d5455cb800 ConcurrentGCThread "G1 Refine#3" [stack: 0x000000e1a1100000,0x000000e1a1200000] [id=7216]
  0x000002d5455ce800 ConcurrentGCThread "G1 Refine#4" [stack: 0x000000e1a1200000,0x000000e1a1300000] [id=27532]
  0x000002d5455d1800 ConcurrentGCThread "G1 Refine#5" [stack: 0x000000e1a1300000,0x000000e1a1400000] [id=11520]
  0x000002d5455d2000 ConcurrentGCThread "G1 Refine#6" [stack: 0x000000e1a1400000,0x000000e1a1500000] [id=19968]
  0x000002d5455db000 ConcurrentGCThread "G1 Refine#7" [stack: 0x000000e1a1500000,0x000000e1a1600000] [id=3000]
  0x000002d5455db800 ConcurrentGCThread "G1 Young RemSet Sampling" [stack: 0x000000e1a1600000,0x000000e1a1700000] [id=9172]

Threads with active compile tasks:
C2 CompilerThread02759       4       javazoom.jl.decoder.SampleBuffer::appendSamples (88 bytes)
C2 CompilerThread12745   !   4       sun.java2d.SunGraphics2D::fillRect (74 bytes)
C2 CompilerThread22422 %     4       javazoom.jl.decoder.LayerIIIDecoder::decode @ 397 (583 bytes)

VM state:not at safepoint (normal execution)

VM Mutex/Monitor currently owned by a thread: None

Heap address: 0x00000000c2000000, size: 992 MB, Compressed Oops mode: 32-bit
Narrow klass base: 0x0000000000000000, Narrow klass shift: 3
Compressed class space size: 1073741824 Address: 0x0000000100000000

Heap:
 garbage-first heap   total 92160K, used 77797K [0x00000000c2000000, 0x0000000100000000)
  region size 1024K, 39 young (39936K), 1 survivors (1024K)
 Metaspace       used 18997K, capacity 19374K, committed 19840K, reserved 1067008K
  class space    used 2179K, capacity 2366K, committed 2432K, reserved 1048576K
Heap Regions: E=young(eden), S=young(survivor), O=old, HS=humongous(starts), HC=humongous(continues), CS=collection set, F=free, A=archive, TS=gc time stamp, AC=allocation context, TAMS=top-at-mark-start (previous, next)
|   0|0x00000000c2000000, 0x00000000c2100000, 0x00000000c2100000|100%|HS|  |TS  0|AC  0|TAMS 0x00000000c2100000, 0x00000000c2100000|
|   1|0x00000000c2100000, 0x00000000c2200000, 0x00000000c2200000|100%|HC|  |TS  0|AC  0|TAMS 0x00000000c2200000, 0x00000000c2200000|
|   2|0x00000000c2200000, 0x00000000c2300000, 0x00000000c2300000|100%|HS|  |TS  0|AC  0|TAMS 0x00000000c2300000, 0x00000000c2300000|
|   3|0x00000000c2300000, 0x00000000c2400000, 0x00000000c2400000|100%|HC|  |TS  0|AC  0|TAMS 0x00000000c2400000, 0x00000000c2400000|
|   4|0x00000000c2400000, 0x00000000c2500000, 0x00000000c2500000|100%|HC|  |TS  0|AC  0|TAMS 0x00000000c2500000, 0x00000000c2500000|
|   5|0x00000000c2500000, 0x00000000c2600000, 0x00000000c2600000|100%|HC|  |TS  0|AC  0|TAMS 0x00000000c2600000, 0x00000000c2600000|
|   6|0x00000000c2600000, 0x00000000c2700000, 0x00000000c2700000|100%|HS|  |TS  0|AC  0|TAMS 0x00000000c2600000, 0x00000000c2600000|
|   7|0x00000000c2700000, 0x00000000c2800000, 0x00000000c2800000|100%|HC|  |TS  0|AC  0|TAMS 0x00000000c2700000, 0x00000000c2700000|
|   8|0x00000000c2800000, 0x00000000c2900000, 0x00000000c2900000|100%|HC|  |TS  0|AC  0|TAMS 0x00000000c2800000, 0x00000000c2800000|
|   9|0x00000000c2900000, 0x00000000c2a00000, 0x00000000c2a00000|100%|HS|  |TS  0|AC  0|TAMS 0x00000000c2900000, 0x00000000c2900000|
|  10|0x00000000c2a00000, 0x00000000c2b00000, 0x00000000c2b00000|100%|HS|  |TS  0|AC  0|TAMS 0x00000000c2a00000, 0x00000000c2a00000|
|  11|0x00000000c2b00000, 0x00000000c2c00000, 0x00000000c2c00000|100%|HS|  |TS  0|AC  0|TAMS 0x00000000c2b00000, 0x00000000c2b00000|
|  12|0x00000000c2c00000, 0x00000000c2d00000, 0x00000000c2d00000|100%|HC|  |TS  0|AC  0|TAMS 0x00000000c2c00000, 0x00000000c2c00000|
|  13|0x00000000c2d00000, 0x00000000c2e00000, 0x00000000c2e00000|100%|HC|  |TS  0|AC  0|TAMS 0x00000000c2d00000, 0x00000000c2d00000|
|  14|0x00000000c2e00000, 0x00000000c2f00000, 0x00000000c2f00000|100%|HS|  |TS  0|AC  0|TAMS 0x00000000c2e00000, 0x00000000c2e00000|
|  15|0x00000000c2f00000, 0x00000000c3000000, 0x00000000c3000000|100%|HC|  |TS  0|AC  0|TAMS 0x00000000c2f00000, 0x00000000c2f00000|
|  16|0x00000000c3000000, 0x00000000c3100000, 0x00000000c3100000|100%|HC|  |TS  0|AC  0|TAMS 0x00000000c3000000, 0x00000000c3000000|
|  17|0x00000000c3100000, 0x00000000c3200000, 0x00000000c3200000|100%|HC|  |TS  0|AC  0|TAMS 0x00000000c3100000, 0x00000000c3100000|
|  18|0x00000000c3200000, 0x00000000c3300000, 0x00000000c3300000|100%|HS|  |TS  0|AC  0|TAMS 0x00000000c3200000, 0x00000000c3200000|
|  19|0x00000000c3300000, 0x00000000c3400000, 0x00000000c3400000|100%|HS|  |TS  0|AC  0|TAMS 0x00000000c3300000, 0x00000000c3300000|
|  20|0x00000000c3400000, 0x00000000c3500000, 0x00000000c3500000|100%|HS|  |TS  0|AC  0|TAMS 0x00000000c3400000, 0x00000000c3400000|
|  21|0x00000000c3500000, 0x00000000c3600000, 0x00000000c3600000|100%| O|  |TS  0|AC  0|TAMS 0x00000000c3600000, 0x00000000c3600000|
|  22|0x00000000c3600000, 0x00000000c3700000, 0x00000000c3700000|100%| O|  |TS  0|AC  0|TAMS 0x00000000c3700000, 0x00000000c3700000|
|  23|0x00000000c3700000, 0x00000000c37f4e00, 0x00000000c3800000| 95%| O|  |TS  0|AC  0|TAMS 0x00000000c37f4e00, 0x00000000c37f4e00|
|  24|0x00000000c3800000, 0x00000000c3900000, 0x00000000c3900000|100%|HS|  |TS  0|AC  0|TAMS 0x00000000c3800000, 0x00000000c3800000|
|  25|0x00000000c3900000, 0x00000000c3900000, 0x00000000c3a00000|  0%| F|  |TS  0|AC  0|TAMS 0x00000000c3900000, 0x00000000c3900000|
|  26|0x00000000c3a00000, 0x00000000c3a00000, 0x00000000c3b00000|  0%| F|  |TS  0|AC  0|TAMS 0x00000000c3a00000, 0x00000000c3a00000|
|  27|0x00000000c3b00000, 0x00000000c3b00000, 0x00000000c3c00000|  0%| F|  |TS  0|AC  0|TAMS 0x00000000c3b00000, 0x00000000c3b00000|
|  28|0x00000000c3c00000, 0x00000000c3d00000, 0x00000000c3d00000|100%| O|  |TS  0|AC  0|TAMS 0x00000000c3d00000, 0x00000000c3d00000|
|  29|0x00000000c3d00000, 0x00000000c3e00000, 0x00000000c3e00000|100%|HS|  |TS  0|AC  0|TAMS 0x00000000c3e00000, 0x00000000c3e00000|
|  30|0x00000000c3e00000, 0x00000000c3f00000, 0x00000000c3f00000|100%|HC|  |TS  0|AC  0|TAMS 0x00000000c3f00000, 0x00000000c3f00000|
|  31|0x00000000c3f00000, 0x00000000c4000000, 0x00000000c4000000|100%|HC|  |TS  0|AC  0|TAMS 0x00000000c4000000, 0x00000000c4000000|
|  32|0x00000000c4000000, 0x00000000c4100000, 0x00000000c4100000|100%|HS|  |TS  0|AC  0|TAMS 0x00000000c4000000, 0x00000000c4000000|
|  33|0x00000000c4100000, 0x00000000c4200000, 0x00000000c4200000|100%|HC|  |TS  0|AC  0|TAMS 0x00000000c4100000, 0x00000000c4100000|
|  34|0x00000000c4200000, 0x00000000c4300000, 0x00000000c4300000|100%|HC|  |TS  0|AC  0|TAMS 0x00000000c4200000, 0x00000000c4200000|
|  35|0x00000000c4300000, 0x00000000c4400000, 0x00000000c4400000|100%|HS|  |TS  0|AC  0|TAMS 0x00000000c4300000, 0x00000000c4300000|
|  36|0x00000000c4400000, 0x00000000c4500000, 0x00000000c4500000|100%|HC|  |TS  0|AC  0|TAMS 0x00000000c4400000, 0x00000000c4400000|
|  37|0x00000000c4500000, 0x00000000c4600000, 0x00000000c4600000|100%|HC|  |TS  0|AC  0|TAMS 0x00000000c4500000, 0x00000000c4500000|
|  38|0x00000000c4600000, 0x00000000c4700000, 0x00000000c4700000|100%|HS|  |TS  0|AC  0|TAMS 0x00000000c4600000, 0x00000000c4600000|
|  39|0x00000000c4700000, 0x00000000c4800000, 0x00000000c4800000|100%|HC|  |TS  0|AC  0|TAMS 0x00000000c4700000, 0x00000000c4700000|
|  40|0x00000000c4800000, 0x00000000c4900000, 0x00000000c4900000|100%|HC|  |TS  0|AC  0|TAMS 0x00000000c4800000, 0x00000000c4800000|
|  41|0x00000000c4900000, 0x00000000c4a00000, 0x00000000c4a00000|100%|HC|  |TS  0|AC  0|TAMS 0x00000000c4900000, 0x00000000c4900000|
|  42|0x00000000c4a00000, 0x00000000c4a00000, 0x00000000c4b00000|  0%| F|  |TS  0|AC  0|TAMS 0x00000000c4a00000, 0x00000000c4a00000|
|  43|0x00000000c4b00000, 0x00000000c4b00000, 0x00000000c4c00000|  0%| F|  |TS  0|AC  0|TAMS 0x00000000c4b00000, 0x00000000c4b00000|
|  44|0x00000000c4c00000, 0x00000000c4c00000, 0x00000000c4d00000|  0%| F|  |TS  0|AC  0|TAMS 0x00000000c4c00000, 0x00000000c4c00000|
|  45|0x00000000c4d00000, 0x00000000c4d00000, 0x00000000c4e00000|  0%| F|  |TS  0|AC  0|TAMS 0x00000000c4d00000, 0x00000000c4d00000|
|  46|0x00000000c4e00000, 0x00000000c4e00000, 0x00000000c4f00000|  0%| F|  |TS  0|AC  0|TAMS 0x00000000c4e00000, 0x00000000c4e00000|
|  47|0x00000000c4f00000, 0x00000000c4f00000, 0x00000000c5000000|  0%| F|  |TS  0|AC  0|TAMS 0x00000000c4f00000, 0x00000000c4f00000|
|  48|0x00000000c5000000, 0x00000000c5000000, 0x00000000c5100000|  0%| F|  |TS  0|AC  0|TAMS 0x00000000c5000000, 0x00000000c5000000|
|  49|0x00000000c5100000, 0x00000000c5186440, 0x00000000c5200000| 54%| S|  |TS  1|AC  0|TAMS 0x00000000c5100000, 0x00000000c5100000|
|  50|0x00000000c5200000, 0x00000000c5300000, 0x00000000c5300000|100%| S|  |TS  1|AC  0|TAMS 0x00000000c5200000, 0x00000000c5200000|
|  51|0x00000000c5300000, 0x00000000c5400000, 0x00000000c5400000|100%| E|CS|TS  0|AC  0|TAMS 0x00000000c5300000, 0x00000000c5300000|
|  52|0x00000000c5400000, 0x00000000c5500000, 0x00000000c5500000|100%| E|CS|TS  0|AC  0|TAMS 0x00000000c5400000, 0x00000000c5400000|
|  53|0x00000000c5500000, 0x00000000c5600000, 0x00000000c5600000|100%| E|CS|TS  0|AC  0|TAMS 0x00000000c5500000, 0x00000000c5500000|
|  54|0x00000000c5600000, 0x00000000c5700000, 0x00000000c5700000|100%| E|CS|TS  0|AC  0|TAMS 0x00000000c5600000, 0x00000000c5600000|
|  55|0x00000000c5700000, 0x00000000c5800000, 0x00000000c5800000|100%| E|CS|TS  0|AC  0|TAMS 0x00000000c5700000, 0x00000000c5700000|
|  56|0x00000000c5800000, 0x00000000c5900000, 0x00000000c5900000|100%| E|CS|TS  0|AC  0|TAMS 0x00000000c5800000, 0x00000000c5800000|
|  57|0x00000000c5900000, 0x00000000c5a00000, 0x00000000c5a00000|100%| E|CS|TS  0|AC  0|TAMS 0x00000000c5900000, 0x00000000c5900000|
|  58|0x00000000c5a00000, 0x00000000c5b00000, 0x00000000c5b00000|100%| E|CS|TS  0|AC  0|TAMS 0x00000000c5a00000, 0x00000000c5a00000|
|  59|0x00000000c5b00000, 0x00000000c5c00000, 0x00000000c5c00000|100%| E|CS|TS  0|AC  0|TAMS 0x00000000c5b00000, 0x00000000c5b00000|
|  60|0x00000000c5c00000, 0x00000000c5d00000, 0x00000000c5d00000|100%| E|CS|TS  0|AC  0|TAMS 0x00000000c5c00000, 0x00000000c5c00000|
|  61|0x00000000c5d00000, 0x00000000c5e00000, 0x00000000c5e00000|100%| E|CS|TS  0|AC  0|TAMS 0x00000000c5d00000, 0x00000000c5d00000|
|  62|0x00000000c5e00000, 0x00000000c5f00000, 0x00000000c5f00000|100%| E|CS|TS  0|AC  0|TAMS 0x00000000c5e00000, 0x00000000c5e00000|
|  63|0x00000000c5f00000, 0x00000000c6000000, 0x00000000c6000000|100%| E|CS|TS  0|AC  0|TAMS 0x00000000c5f00000, 0x00000000c5f00000|
|  64|0x00000000c6000000, 0x00000000c6100000, 0x00000000c6100000|100%| E|CS|TS  0|AC  0|TAMS 0x00000000c6000000, 0x00000000c6000000|
|  65|0x00000000c6100000, 0x00000000c6200000, 0x00000000c6200000|100%| E|CS|TS  0|AC  0|TAMS 0x00000000c6100000, 0x00000000c6100000|
|  66|0x00000000c6200000, 0x00000000c6300000, 0x00000000c6300000|100%| E|CS|TS  0|AC  0|TAMS 0x00000000c6200000, 0x00000000c6200000|
|  67|0x00000000c6300000, 0x00000000c6400000, 0x00000000c6400000|100%| E|CS|TS  0|AC  0|TAMS 0x00000000c6300000, 0x00000000c6300000|
|  68|0x00000000c6400000, 0x00000000c6500000, 0x00000000c6500000|100%| E|CS|TS  0|AC  0|TAMS 0x00000000c6400000, 0x00000000c6400000|
|  69|0x00000000c6500000, 0x00000000c6500000, 0x00000000c6600000|  0%| F|  |TS  1|AC  0|TAMS 0x00000000c6500000, 0x00000000c6500000|
|  70|0x00000000c6600000, 0x00000000c6600000, 0x00000000c6700000|  0%| F|  |TS  1|AC  0|TAMS 0x00000000c6600000, 0x00000000c6600000|
|  71|0x00000000c6700000, 0x00000000c6700000, 0x00000000c6800000|  0%| F|  |TS  1|AC  0|TAMS 0x00000000c6700000, 0x00000000c6700000|
|  72|0x00000000c6800000, 0x00000000c6800000, 0x00000000c6900000|  0%| F|  |TS  1|AC  0|TAMS 0x00000000c6800000, 0x00000000c6800000|
|  73|0x00000000c6900000, 0x00000000c6900000, 0x00000000c6a00000|  0%| F|  |TS  1|AC  0|TAMS 0x00000000c6900000, 0x00000000c6900000|
|  74|0x00000000c6a00000, 0x00000000c6a00000, 0x00000000c6b00000|  0%| F|  |TS  1|AC  0|TAMS 0x00000000c6a00000, 0x00000000c6a00000|
|  75|0x00000000c6b00000, 0x00000000c6b00000, 0x00000000c6c00000|  0%| F|  |TS  1|AC  0|TAMS 0x00000000c6b00000, 0x00000000c6b00000|
|  76|0x00000000c6c00000, 0x00000000c6c00000, 0x00000000c6d00000|  0%| F|  |TS  1|AC  0|TAMS 0x00000000c6c00000, 0x00000000c6c00000|
|  77|0x00000000c6d00000, 0x00000000c6d00000, 0x00000000c6e00000|  0%| F|  |TS  1|AC  0|TAMS 0x00000000c6d00000, 0x00000000c6d00000|
|  78|0x00000000c6e00000, 0x00000000c6e00000, 0x00000000c6f00000|  0%| F|  |TS  1|AC  0|TAMS 0x00000000c6e00000, 0x00000000c6e00000|
|  79|0x00000000c6f00000, 0x00000000c6f00000, 0x00000000c7000000|  0%| F|  |TS  1|AC  0|TAMS 0x00000000c6f00000, 0x00000000c6f00000|
|  80|0x00000000c7000000, 0x00000000c7000000, 0x00000000c7100000|  0%| F|  |TS  1|AC  0|TAMS 0x00000000c7000000, 0x00000000c7000000|
|  81|0x00000000c7100000, 0x00000000c7100000, 0x00000000c7200000|  0%| F|  |TS  1|AC  0|TAMS 0x00000000c7100000, 0x00000000c7100000|
|  82|0x00000000c7200000, 0x00000000c7200000, 0x00000000c7300000|  0%| F|  |TS  1|AC  0|TAMS 0x00000000c7200000, 0x00000000c7200000|
|  83|0x00000000c7300000, 0x00000000c7300000, 0x00000000c7400000|  0%| F|  |TS  1|AC  0|TAMS 0x00000000c7300000, 0x00000000c7300000|
|  84|0x00000000c7400000, 0x00000000c7400000, 0x00000000c7500000|  0%| F|  |TS  1|AC  0|TAMS 0x00000000c7400000, 0x00000000c7400000|
|  85|0x00000000c7500000, 0x00000000c7500000, 0x00000000c7600000|  0%| F|  |TS  1|AC  0|TAMS 0x00000000c7500000, 0x00000000c7500000|
|  86|0x00000000c7600000, 0x00000000c7600000, 0x00000000c7700000|  0%| F|  |TS  1|AC  0|TAMS 0x00000000c7600000, 0x00000000c7600000|
|  87|0x00000000c7700000, 0x00000000c7700000, 0x00000000c7800000|  0%| F|  |TS  1|AC  0|TAMS 0x00000000c7700000, 0x00000000c7700000|
|  88|0x00000000c7800000, 0x00000000c7800000, 0x00000000c7900000|  0%| F|  |TS  1|AC  0|TAMS 0x00000000c7800000, 0x00000000c7800000|
|  89|0x00000000c7900000, 0x00000000c7a00000, 0x00000000c7a00000|100%| E|  |TS  1|AC  0|TAMS 0x00000000c7900000, 0x00000000c7900000|

Card table byte_map: [0x000002d55c1d0000,0x000002d55c3c0000] byte_map_base: 0x000002d55bbc0000

Marking Bits (Prev, Next): (CMBitMap*) 0x000002d545568638, (CMBitMap*) 0x000002d545568600
 Prev Bits: [0x000002d55d530000, 0x000002d55e4b0000)
 Next Bits: [0x000002d55c5b0000, 0x000002d55d530000)

Polling page: 0x000002d543100000

CodeHeap 'non-profiled nmethods': size=120000Kb used=1186Kb max_used=1186Kb free=118813Kb
 bounds [0x000002d554780000, 0x000002d5549f0000, 0x000002d55bcb0000]
CodeHeap 'profiled nmethods': size=120000Kb used=5546Kb max_used=5546Kb free=114453Kb
 bounds [0x000002d54d250000, 0x000002d54d7c0000, 0x000002d554780000]
CodeHeap 'non-nmethods': size=5760Kb used=1240Kb max_used=1260Kb free=4519Kb
 bounds [0x000002d54ccb0000, 0x000002d54cf20000, 0x000002d54d250000]
 total_blobs=3904 nmethods=2654 adapters=532
 compilation: enabled

Compilation events (10 events):
Event: 37.371 Thread 0x000002d560f25800 nmethod 2723 0x000002d54d7a8990 code [0x000002d54d7a8bc0, 0x000002d54d7a9480]
Event: 37.371 Thread 0x000002d560f25800 2724       3       java.awt.Container::setFont (42 bytes)
Event: 37.372 Thread 0x000002d560f25800 nmethod 2724 0x000002d54d7a9710 code [0x000002d54d7a9940, 0x000002d54d7aa130]
Event: 37.373 Thread 0x000002d560f1f000 nmethod 2671 0x000002d55489b190 code [0x000002d55489b340, 0x000002d55489b4e8]
Event: 37.373 Thread 0x000002d560f1f000 2330       4       java.lang.StringLatin1::lastIndexOf (40 bytes)
Event: 37.375 Thread 0x000002d560f25800 2725   !   3       sun.swing.SwingUtilities2::drawString (439 bytes)
Event: 37.377 Thread 0x000002d560f1f000 nmethod 2330 0x000002d55489b690 code [0x000002d55489b820, 0x000002d55489b978]
Event: 37.377 Thread 0x000002d560f1f000 2451       4       sun.java2d.pipe.PixelToParallelogramConverter::len (37 bytes)
Event: 37.378 Thread 0x000002d560f1f000 nmethod 2451 0x000002d55489ba90 code [0x000002d55489bc60, 0x000002d55489bcd8]
Event: 37.379 Thread 0x000002d560f1f000 2644       4       sun.java2d.SunGraphics2D::validateColor (102 bytes)

GC Heap History (10 events):
Event: 1.377 GC heap before
{Heap before GC invocations=32 (full 0):
 garbage-first heap   total 76800K, used 34785K [0x00000000c2000000, 0x0000000100000000)
  region size 1024K, 2 young (2048K), 1 survivors (1024K)
 Metaspace       used 13466K, capacity 13827K, committed 14080K, reserved 1060864K
  class space    used 1505K, capacity 1674K, committed 1792K, reserved 1048576K
}
Event: 1.378 GC heap after
{Heap after GC invocations=33 (full 0):
 garbage-first heap   total 76800K, used 34789K [0x00000000c2000000, 0x0000000100000000)
  region size 1024K, 1 young (1024K), 1 survivors (1024K)
 Metaspace       used 13466K, capacity 13827K, committed 14080K, reserved 1060864K
  class space    used 1505K, capacity 1674K, committed 1792K, reserved 1048576K
}
Event: 1.430 GC heap before
{Heap before GC invocations=34 (full 0):
 garbage-first heap   total 76800K, used 34789K [0x00000000c2000000, 0x0000000100000000)
  region size 1024K, 2 young (2048K), 1 survivors (1024K)
 Metaspace       used 13468K, capacity 13827K, committed 14080K, reserved 1060864K
  class space    used 1505K, capacity 1674K, committed 1792K, reserved 1048576K
}
Event: 1.431 GC heap after
{Heap after GC invocations=35 (full 0):
 garbage-first heap   total 76800K, used 34792K [0x00000000c2000000, 0x0000000100000000)
  region size 1024K, 1 young (1024K), 1 survivors (1024K)
 Metaspace       used 13468K, capacity 13827K, committed 14080K, reserved 1060864K
  class space    used 1505K, capacity 1674K, committed 1792K, reserved 1048576K
}
Event: 1.475 GC heap before
{Heap before GC invocations=36 (full 0):
 garbage-first heap   total 76800K, used 34792K [0x00000000c2000000, 0x0000000100000000)
  region size 1024K, 2 young (2048K), 1 survivors (1024K)
 Metaspace       used 13468K, capacity 13827K, committed 14080K, reserved 1060864K
  class space    used 1505K, capacity 1674K, committed 1792K, reserved 1048576K
}
Event: 1.477 GC heap after
{Heap after GC invocations=37 (full 0):
 garbage-first heap   total 92160K, used 34789K [0x00000000c2000000, 0x0000000100000000)
  region size 1024K, 1 young (1024K), 1 survivors (1024K)
 Metaspace       used 13468K, capacity 13827K, committed 14080K, reserved 1060864K
  class space    used 1505K, capacity 1674K, committed 1792K, reserved 1048576K
}
Event: 1.541 GC heap before
{Heap before GC invocations=38 (full 0):
 garbage-first heap   total 92160K, used 40933K [0x00000000c2000000, 0x0000000100000000)
  region size 1024K, 2 young (2048K), 1 survivors (1024K)
 Metaspace       used 13471K, capacity 13827K, committed 14080K, reserved 1060864K
  class space    used 1505K, capacity 1674K, committed 1792K, reserved 1048576K
}
Event: 1.541 GC heap after
{Heap after GC invocations=39 (full 0):
 garbage-first heap   total 92160K, used 40933K [0x00000000c2000000, 0x0000000100000000)
  region size 1024K, 1 young (1024K), 1 survivors (1024K)
 Metaspace       used 13471K, capacity 13827K, committed 14080K, reserved 1060864K
  class space    used 1505K, capacity 1674K, committed 1792K, reserved 1048576K
}
Event: 1.614 GC heap before
{Heap before GC invocations=40 (full 0):
 garbage-first heap   total 92160K, used 40933K [0x00000000c2000000, 0x0000000100000000)
  region size 1024K, 2 young (2048K), 1 survivors (1024K)
 Metaspace       used 13519K, capacity 13891K, committed 14080K, reserved 1060864K
  class space    used 1505K, capacity 1674K, committed 1792K, reserved 1048576K
}
Event: 1.615 GC heap after
{Heap after GC invocations=41 (full 0):
 garbage-first heap   total 92160K, used 40933K [0x00000000c2000000, 0x0000000100000000)
  region size 1024K, 1 young (1024K), 1 survivors (1024K)
 Metaspace       used 13519K, capacity 13891K, committed 14080K, reserved 1060864K
  class space    used 1505K, capacity 1674K, committed 1792K, reserved 1048576K
}

Deoptimization events (10 events):
Event: 6.000 Thread 0x000002d56213c800 Uncommon trap: reason=class_check action=maybe_recompile pc=0x000002d55480f160 method=java.lang.String.equals(Ljava/lang/Object;)Z @ 8 c2
Event: 6.019 Thread 0x000002d56236b800 Uncommon trap: reason=unstable_if action=reinterpret pc=0x000002d5547d1c30 method=sun.awt.image.PNGImageDecoder.filterRow([B[BIII)V @ 221 c2
Event: 6.631 Thread 0x000002d56213c800 Uncommon trap: reason=unstable_if action=reinterpret pc=0x000002d55482aa48 method=java.lang.StringCoding.decode(Ljava/lang/String;[BII)Ljava/lang/StringCoding$Result; @ 105 c2
Event: 6.669 Thread 0x000002d56213c800 Uncommon trap: reason=intrinsic_or_type_checked_inlining action=make_not_entrant pc=0x000002d554855f74 method=java.util.Arrays.copyOf([Ljava/lang/Object;ILjava/lang/Class;)[Ljava/lang/Object; @ 36 c2
Event: 36.425 Thread 0x000002d561e8a800 Uncommon trap: reason=unstable_if action=reinterpret pc=0x000002d55481f9b8 method=java.util.concurrent.ConcurrentHashMap.putVal(Ljava/lang/Object;Ljava/lang/Object;Z)Ljava/lang/Object; @ 97 c2
Event: 36.590 Thread 0x000002d561e8e000 Uncommon trap: reason=unstable_if action=reinterpret pc=0x000002d554864a20 method=javazoom.jl.decoder.huffcodetab.huffman_decoder(Ljavazoom/jl/decoder/huffcodetab;[I[I[I[ILjavazoom/jl/decoder/BitReserve;)I @ 31 c2
Event: 36.748 Thread 0x000002d561e8e000 Uncommon trap: reason=unstable_if action=reinterpret pc=0x000002d554866f08 method=javazoom.jl.decoder.BitReserve.hgetbits(I)I @ 22 c2
Event: 36.750 Thread 0x000002d561e8e000 Uncommon trap: reason=unstable_if action=reinterpret pc=0x000002d5548765f4 method=javazoom.jl.decoder.SampleBuffer.appendSamples(I[F)V @ 27 c2
Event: 36.750 Thread 0x000002d561e8e000 Uncommon trap: reason=unstable_if action=reinterpret pc=0x000002d554863c08 method=javazoom.jl.decoder.SampleBuffer.appendSamples(I[F)V @ 27 c2
Event: 37.280 Thread 0x000002d561e8e000 Uncommon trap: reason=unstable_if action=reinterpret pc=0x000002d55488d978 method=javazoom.jl.decoder.SampleBuffer.appendSamples(I[F)V @ 40 c2

Classes redefined (0 events):
No events

Internal exceptions (10 events):
Event: 0.372 Thread 0x000002d56236b800 Exception <a 'java/lang/NoSuchMethodError'{0x00000000c5463fa8}: method resolution failed> (0x00000000c5463fa8) thrown at [t:/workspace/open/src/hotspot/share/prims/methodHandles.cpp, line 1226]
Event: 0.453 Thread 0x000002d5454fe800 Exception <a 'java/lang/NoSuchMethodError'{0x00000000c5005528}: java.lang.invoke.DirectMethodHandle$Holder.invokeStaticInit(Ljava/lang/Object;)V> (0x00000000c5005528) thrown at [t:/workspace/open/src/hotspot/share/interpreter/linkResolver.cpp, line 741]
Event: 0.464 Thread 0x000002d5454fe800 Exception <a 'java/io/FileNotFoundException'{0x00000000c501ac18}> (0x00000000c501ac18) thrown at [t:/workspace/open/src/hotspot/share/prims/jni.cpp, line 611]
Event: 0.464 Thread 0x000002d5454fe800 Exception <a 'java/lang/NullPointerException'{0x00000000c501b500}> (0x00000000c501b500) thrown at [t:/workspace/open/src/hotspot/share/interpreter/linkResolver.cpp, line 1324]
Event: 0.509 Thread 0x000002d5454fe800 Exception <a 'java/lang/NoSuchMethodError'{0x00000000c4f7f458}: java.lang.invoke.DirectMethodHandle$Holder.invokeStatic(Ljava/lang/Object;Ljava/lang/Object;Ljava/lang/Object;Ljava/lang/Object;Ljava/lang/Object;Ljava/lang/Object;Ljava/lang/Object;Ljava/lan
Event: 0.512 Thread 0x000002d5454fe800 Exception <a 'java/lang/NoSuchMethodError'{0x00000000c4f9fb48}: java.lang.invoke.DirectMethodHandle$Holder.invokeStatic(Ljava/lang/Object;Ljava/lang/Object;Ljava/lang/Object;Ljava/lang/Object;Ljava/lang/Object;Ljava/lang/Object;Ljava/lang/Object;Ljava/lan
Event: 0.514 Thread 0x000002d5454fe800 Exception <a 'java/lang/NoSuchMethodError'{0x00000000c4fc1280}: java.lang.invoke.DirectMethodHandle$Holder.invokeStatic(Ljava/lang/Object;Ljava/lang/Object;Ljava/lang/Object;Ljava/lang/Object;Ljava/lang/Object;Ljava/lang/Object;Ljava/lang/Object;Ljava/lan
Event: 0.575 Thread 0x000002d56213c800 Exception <a 'java/lang/NoSuchMethodError'{0x00000000c51cb970}: java.lang.invoke.DirectMethodHandle$Holder.invokeStatic(Ljava/lang/Object;Ljava/lang/Object;Ljava/lang/Object;Ljava/lang/Object;Ljava/lang/Object;Ljava/lang/Object;Ljava/lang/Object;Ljava/lan
Event: 6.019 Thread 0x000002d56236b800 Implicit null exception at 0x000002d5547d0e8e to 0x000002d5547d1c1a
Event: 6.643 Thread 0x000002d56222e000 Exception <a 'java/lang/NoSuchMethodError'{0x00000000c6a07110}: method resolution failed> (0x00000000c6a07110) thrown at [t:/workspace/open/src/hotspot/share/prims/methodHandles.cpp, line 1226]

Events (10 events):
Event: 37.280 Thread 0x000002d561e8e000 DEOPT PACKING pc=0x000002d54d6b75f7 sp=0x000000e1a37fecf0
Event: 37.280 Thread 0x000002d561e8e000 DEOPT UNPACKING pc=0x000002d54ccd884e sp=0x000000e1a37fe1b0 mode 0
Event: 37.281 Thread 0x000002d561e8e000 DEOPT PACKING pc=0x000002d54d262c33 sp=0x000000e1a37fedf0
Event: 37.281 Thread 0x000002d561e8e000 DEOPT UNPACKING pc=0x000002d54ccd884e sp=0x000000e1a37fe298 mode 0
Event: 37.334 Thread 0x000002d561e8d800 DEOPT PACKING pc=0x000002d54d6b7752 sp=0x000000e1a33fed50
Event: 37.334 Thread 0x000002d561e8d800 DEOPT UNPACKING pc=0x000002d54ccd884e sp=0x000000e1a33fe210 mode 0
Event: 37.336 Thread 0x000002d561e8d800 DEOPT PACKING pc=0x000002d54d2c8312 sp=0x000000e1a33fed90
Event: 37.336 Thread 0x000002d561e8d800 DEOPT UNPACKING pc=0x000002d54ccd884e sp=0x000000e1a33fe240 mode 0
Event: 37.337 Thread 0x000002d561e8d800 DEOPT PACKING pc=0x000002d54d262c33 sp=0x000000e1a33fee50
Event: 37.337 Thread 0x000002d561e8d800 DEOPT UNPACKING pc=0x000002d54ccd884e sp=0x000000e1a33fe2f8 mode 0


Dynamic libraries:
0x00007ff6e4950000 - 0x00007ff6e498e000 	C:\Program Files\Java\jre-10.0.2\bin\javaw.exe
0x00007fff74070000 - 0x00007fff74251000 	C:\Windows\SYSTEM32\ntdll.dll
0x00007fff73a10000 - 0x00007fff73ac1000 	C:\Windows\System32\KERNEL32.DLL
0x00007fff70e90000 - 0x00007fff71103000 	C:\Windows\System32\KERNELBASE.dll
0x00007fff73900000 - 0x00007fff739a1000 	C:\Windows\System32\ADVAPI32.dll
0x00007fff73d10000 - 0x00007fff73dae000 	C:\Windows\System32\msvcrt.dll
0x00007fff739b0000 - 0x00007fff73a0b000 	C:\Windows\System32\sechost.dll
0x00007fff735d0000 - 0x00007fff736f4000 	C:\Windows\System32\RPCRT4.dll
0x00007fff73440000 - 0x00007fff735d0000 	C:\Windows\System32\USER32.dll
0x00007fff70440000 - 0x00007fff70460000 	C:\Windows\System32\win32u.dll
0x00007fff72dc0000 - 0x00007fff72de8000 	C:\Windows\System32\GDI32.dll
0x00007fff704b0000 - 0x00007fff70642000 	C:\Windows\System32\gdi32full.dll
0x00007fff71460000 - 0x00007fff714ff000 	C:\Windows\System32\FLTLIB.DLL
0x00007fff71300000 - 0x00007fff713f8000 	C:\Windows\System32\ucrtbase.dll
0x00007fff5f260000 - 0x00007fff5f4c9000 	C:\Windows\WinSxS\amd64_microsoft.windows.common-controls_6595b64144ccf1df_6.0.17134.765_none_fb42a1a930655896\COMCTL32.dll
0x00007fff62c40000 - 0x00007fff62c4a000 	C:\Windows\SYSTEM32\VERSION.dll
0x00007fff71500000 - 0x00007fff71822000 	C:\Windows\System32\combase.dll
0x00007fff70700000 - 0x00007fff7077a000 	C:\Windows\system32\mswsock.dll
0x00007fff72f50000 - 0x00007fff72f7d000 	C:\Windows\System32\IMM32.DLL
0x00007fff431f0000 - 0x00007fff432df000 	C:\Program Files\Java\jre-10.0.2\bin\msvcr120.dll
0x00007fff412b0000 - 0x00007fff41356000 	C:\Program Files\Java\jre-10.0.2\bin\awt.dll
0x0000000073fa0000 - 0x0000000074a10000 	C:\Program Files\Java\jre-10.0.2\bin\server\jvm.dll
0x00007fff73430000 - 0x00007fff73438000 	C:\Windows\System32\PSAPI.DLL
0x00007fff6e130000 - 0x00007fff6e139000 	C:\Windows\SYSTEM32\WSOCK32.dll
0x00007fff6cd10000 - 0x00007fff6cd33000 	C:\Windows\SYSTEM32\WINMM.dll
0x00007fff73db0000 - 0x00007fff73e1c000 	C:\Windows\System32\WS2_32.dll
0x00007fff6cce0000 - 0x00007fff6cd0a000 	C:\Windows\SYSTEM32\winmmbase.dll
0x00007fff70460000 - 0x00007fff704a9000 	C:\Windows\System32\ADVAPI32.dll
0x00007fff6e1a0000 - 0x00007fff6e1af000 	C:\Windows\System32\RPCRT4.dll
0x00007fff5e740000 - 0x00007fff5e909000 	C:\Windows\System32\win32u.dll
0x00007fff5e710000 - 0x00007fff5e739000 	C:\Windows\SYSTEM32\dbgcore.DLL
0x00007fff6aaf0000 - 0x00007fff6ab17000 	C:\Program Files\Java\jre-10.0.2\bin\java.dll
0x00007fff6a960000 - 0x00007fff6a976000 	C:\Windows\SYSTEM32\VERSION.dll
0x00007fff6e180000 - 0x00007fff6e18a000 	C:\Windows\System32\bcryptPrimitives.dll
0x00007fff71830000 - 0x00007fff72c70000 	C:\Program Files\Java\jre-10.0.2\bin\msvcr120.dll
0x00007fff73f90000 - 0x00007fff74039000 	C:\Program Files\Java\jre-10.0.2\bin\server\jvm.dll
0x00007fff70780000 - 0x00007fff70e8d000 	C:\Windows\System32\windows.storage.dll
0x00007fff73c80000 - 0x00007fff73cd1000 	C:\Windows\SYSTEM32\WINMM.dll
0x00007fff70420000 - 0x00007fff70431000 	C:\Windows\SYSTEM32\winmmbase.dll
0x00007fff70390000 - 0x00007fff703af000 	C:\Windows\System32\profapi.dll
0x00007fff703d0000 - 0x00007fff7041c000 	C:\Windows\SYSTEM32\DBGHELP.DLL
0x00007fff70380000 - 0x00007fff7038a000 	C:\Program Files\Java\jre-10.0.2\bin\java.dll
0x00007fff5e970000 - 0x00007fff5e98a000 	C:\Program Files\Java\jre-10.0.2\bin\zip.dll
0x00007fff6b700000 - 0x00007fff6b7dd000 	C:\Windows\SYSTEM32\WINHTTP.dll
0x00007fff6fc00000 - 0x00007fff6fc66000 	C:\Windows\System32\shcore.dll
0x00007fff5a020000 - 0x00007fff5a031000 	C:\Program Files\Java\jre-10.0.2\bin\nio.dll
0x00007fff40900000 - 0x00007fff40a9b000 	C:\Windows\System32\kernel.appcore.dll
0x00007fff73ec0000 - 0x00007fff73f82000 	C:\Windows\System32\profapi.dll
0x00007fff6d8e0000 - 0x00007fff6dea7000 	C:\Windows\SYSTEM32\d2d1.dll
0x00007fff6e6f0000 - 0x00007fff6e77b000 	C:\Program Files\Java\jre-10.0.2\bin\net.dll
0x00007fff6eb00000 - 0x00007fff6eb29000 	C:\Windows\system32\DWMAPI.DLL
0x00007fff6e820000 - 0x00007fff6e8b8000 	C:\Windows\system32\uxtheme.dll
0x00007fff5a120000 - 0x00007fff5a240000 	C:\Program Files\Java\jre-10.0.2\bin\awt.dll
0x00007fff64410000 - 0x00007fff6443c000 	C:\Windows\SYSTEM32\GLU32.dll
0x00007fff73780000 - 0x00007fff738f3000 	C:\Windows\System32\MSCTF.dll
0x00007fff51eb0000 - 0x00007fff51ee8000 	C:\Windows\system32\IMGSF50Filter_x64.dll
0x00007fff72df0000 - 0x00007fff72f41000 	C:\Windows\System32\msvcrt.dll
0x0000000076550000 - 0x0000000076623000 	C:\Windows\System32\gdi32full.dll
0x00000000764a0000 - 0x0000000076543000 	C:\Windows\SYSTEM32\VERSION.dll
0x00007fff59ff0000 - 0x00007fff5a01b000 	C:\Windows\System32\IMM32.DLL
0x00007fff53d50000 - 0x00007fff53db5000 	C:\Program Files\Java\jre-10.0.2\bin\server\jvm.dll
0x00007fff6a5b0000 - 0x00007fff6a646000 	C:\Windows\SYSTEM32\WINMM.dll
0x00007fff6e4f0000 - 0x00007fff6e5ca000 	C:\Windows\SYSTEM32\winmmbase.dll
0x00007fff69fd0000 - 0x00007fff6a2ee000 	C:\Program Files\Java\jre-10.0.2\bin\verify.dll
0x00007fff6f470000 - 0x00007fff6f4a1000 	C:\Program Files\Java\jre-10.0.2\bin\java.dll
0x00007fff6c5e0000 - 0x00007fff6c72d000 	C:\Program Files\Java\jre-10.0.2\bin\jimage.dll
0x00007fff55a90000 - 0x00007fff55ad2000 	C:\Windows\System32\shcore.dll
0x00007fff73e20000 - 0x00007fff73ec0000 	C:\Windows\System32\shlwapi.dll
0x00007fff3ace0000 - 0x00007fff3adb1000 	C:\Windows\System32\profapi.dll
0x00007fff6c940000 - 0x00007fff6caf4000 	C:\Windows\System32\FLTLIB.DLL
0x00007fff3ab80000 - 0x00007fff3acd6000 	C:\Windows\SYSTEM32\WINHTTP.dll
0x00007fff6cf40000 - 0x00007fff6cfab000 	C:\Windows\SYSTEM32\OLEACC.dll
0x00007fff3a9d0000 - 0x00007fff3ab7b000 	C:\Program Files\Java\jre-10.0.2\bin\awt.dll
0x00007fff48080000 - 0x00007fff480bd000 	C:\Windows\System32\IME\IMEKR\imkrapi.dll
0x00007fff3ba80000 - 0x00007fff3bac0000 	C:\Windows\System32\IME\shared\imjkapi.dll
0x00007fff6aea0000 - 0x00007fff6b04e000 	C:\Windows\System32\USER32.dll
0x00007fff52670000 - 0x00007fff526c8000 	C:\Windows\System32\ucrtbase.dll
0x00007fff6deb0000 - 0x00007fff6e04c000 	C:\Windows\System32\IMM32.DLL
0x00007fff6d5d0000 - 0x00007fff6d8db000 	C:\Program Files\Java\jre-10.0.2\bin\server\jvm.dll
0x00007fff6f140000 - 0x00007fff6f1fb000 	C:\Windows\SYSTEM32\WINMM.dll
0x00007fff6ec40000 - 0x00007fff6edf8000 	C:\Windows\System32\cfgmgr32.dll
0x00007fff6ebe0000 - 0x00007fff6ec09000 	C:\Windows\SYSTEM32\dbgcore.DLL
0x00007fff6e110000 - 0x00007fff6e126000 	C:\Program Files\Java\jre-10.0.2\bin\jimage.dll
0x00007fff54850000 - 0x00007fff5486a000 	C:\Windows\System32\windows.storage.dll
0x00007fff6e050000 - 0x00007fff6e069000 	C:\Windows\System32\kernel.appcore.dll
0x00007fff6f9c0000 - 0x00007fff6fa7e000 	C:\Windows\System32\powrprof.dll
0x00007fff73ce0000 - 0x00007fff73ce8000 	C:\Windows\SYSTEM32\WINHTTP.dll
0x00007fff6f980000 - 0x00007fff6f9b8000 	C:\Program Files\Java\jre-10.0.2\bin\nio.dll
0x00007fff54840000 - 0x00007fff5484e000 	C:\Windows\System32\winrnr.dll
0x00007fff68830000 - 0x00007fff68845000 	C:\Windows\System32\wshbth.dll
0x0000000076470000 - 0x0000000076496000 	C:\Program Files\Bonjour\mdnsNSP.dll
0x00007fff63de0000 - 0x00007fff63dea000 	C:\Windows\System32\rasadhlp.dll
0x00007fff64510000 - 0x00007fff64582000 	C:\Windows\System32\fwpuclnt.dll
0x00007fff6fee0000 - 0x00007fff6ff05000 	C:\Windows\SYSTEM32\bcrypt.dll
0x00007fff59920000 - 0x00007fff59a39000 	C:\Program Files (x86)\Bandicam\bdcam64.dll
0x00007fff6b340000 - 0x00007fff6b34c000 	C:\Program Files\Java\jre-10.0.2\bin\jsound.dll
0x00007fff6b1a0000 - 0x00007fff6b1ac000 	C:\Program Files\Java\jre-10.0.2\bin\jsoundds.dll
0x00007fff36530000 - 0x00007fff365bf000 	C:\Windows\SYSTEM32\DSOUND.dll
0x00007fff688c0000 - 0x00007fff68936000 	C:\Windows\System32\MMDevApi.dll
0x00007fff70190000 - 0x00007fff701b7000 	C:\Windows\System32\DEVOBJ.dll
0x00007fff54440000 - 0x00007fff54484000 	C:\Windows\SYSTEM32\wdmaud.drv
0x00007fff54710000 - 0x00007fff54719000 	C:\Windows\SYSTEM32\ksuser.dll
0x00007fff6b900000 - 0x00007fff6b90a000 	C:\Windows\SYSTEM32\AVRT.dll
0x00007fff52cc0000 - 0x00007fff52dec000 	C:\Windows\SYSTEM32\AUDIOSES.DLL
0x00007fff6e070000 - 0x00007fff6e07d000 	C:\Windows\SYSTEM32\msacm32.drv
0x00007fff6bca0000 - 0x00007fff6bcbc000 	C:\Windows\SYSTEM32\MSACM32.dll
0x00007fff6c820000 - 0x00007fff6c82a000 	C:\Windows\SYSTEM32\midimap.dll
0x00007fff5f090000 - 0x00007fff5f1a4000 	C:\Windows\System32\Windows.UI.dll
0x00007fff6b270000 - 0x00007fff6b2e9000 	C:\Windows\System32\InputHost.dll

dbghelp: loaded successfully - version: 4.0.5 - missing functions: none
symbol engine: initialized successfully - sym options: 0x614 - pdb path: .;C:\Program Files\Java\jre-10.0.2\bin;C:\Windows\SYSTEM32;C:\Windows\WinSxS\amd64_microsoft.windows.common-controls_6595b64144ccf1df_6.0.17134.765_none_fb42a1a930655896;C:\Program Files\Java\jre-10.0.2\bin\server;C:\Windows\WinSxS\amd64_microsoft.vc90.crt_1fc8b3b9a1e18e3b_9.0.30729.9415_none_08e0c10ba840a28a;C:\Windows\System32\IME\IMEKR;C:\Windows\System32\IME\shared;C:\Program Files\Bonjour;C:\Program Files (x86)\Bandicam

VM Arguments:
jvm_args: -Dfile.encoding=MS949 
java_command: com.tetris.main.TetrisMain
java_class_path (initial): C:\Users\Juyeo\git\2019-1-OSSPC-Millions-3\Tetris_Millions\bin;C:\Users\Juyeo\git\2019-1-OSSPC-Millions-3\Tetris_Millions\JLayer1.0.1\jl1.0.1.jar
Launcher Type: SUN_STANDARD

Logging:
Log output configuration:
#0: stdout all=warning uptime,level,tags
#1: stderr all=off uptime,level,tags

Environment Variables:
JAVA_HOME=C:\Program Files\Java\jdk-10.0.2
PATH=C:/Program Files/Java/jre1.8.0_201/bin/server;C:/Program Files/Java/jre1.8.0_201/bin;C:/Program Files/Java/jre1.8.0_201/lib/amd64;C:\Program Files (x86)\Common Files\Oracle\Java\javapath;C:\Windows\system32;C:\Windows;C:\Windows\System32\Wbem;C:\Windows\System32\WindowsPowerShell\v1.0\;C:\Windows\System32\OpenSSH\;C:\Program Files\Microsoft SQL Server\130\Tools\Binn\;C:\Program Files\Git\cmd;C:\Users\Juyeo\AppData\Local\Microsoft\WindowsApps;C:\Program Files\Java\jdk-10.0.2\bin;;C:\Users\Juyeo\git\2019-1-OSSPC-Millions-3\Tetris_Millions\src\com\tetris\window;
USERNAME=Juyeo
OS=Windows_NT
PROCESSOR_IDENTIFIER=Intel64 Family 6 Model 142 Stepping 10, GenuineIntel



---------------  S Y S T E M  ---------------

OS: Windows 10 , 64 bit Build 17134 (10.0.17134.753)

CPU:total 8 (initial active 8) (4 cores per cpu, 2 threads per core) family 6 model 142 stepping 10, cmov, cx8, fxsr, mmx, sse, sse2, sse3, ssse3, sse4.1, sse4.2, popcnt, avx, avx2, aes, clmul, erms, 3dnowpref, lzcnt, ht, tsc, tscinvbit, bmi1, bmi2, adx, fma

Memory: 4k page, physical 4057396k(349368k free), swap 16640308k(4628k free)

vm_info: Java HotSpot(TM) 64-Bit Server VM (10.0.2+13) for windows-amd64 JRE (10.0.2+13), built on Jun 28 2018 01:57:56 by "mach5one" with MS VC++ 12.0 (VS2013)

END.
